<?xml version="1.0" encoding="UTF-8"?>
<TestRun id="5106d289-3c15-4393-83f6-5880adcab0c6" name="Andy@ANDY-PC 2011-09-07 23:06:32" runUser="Andy-PC\Andy" xmlns="http://microsoft.com/schemas/VisualStudio/TeamTest/2010">
  <TestSettings name="Local" id="2deb2ab4-7477-4a1b-b3d4-da94ff23b825">
    <Description>These are default test settings for a local test run.</Description>
    <Deployment enabled="false" runDeploymentRoot="Andy_ANDY-PC 2011-09-07 23_06_32">
      <DeploymentItem filename="C:\Program Files\Gallio\bin\MbUnit35.dll" />
      <DeploymentItem filename="C:\Program Files\Gallio\bin\Gallio.dll" />
      <DeploymentItem filename="C:\Program Files\Gallio\bin\Gallio35.dll" />
      <DeploymentItem filename="C:\Program Files\Gallio\bin\MbUnit.dll" />
    </Deployment>
    <Execution>
      <TestTypeSpecific>
        <UnitTestRunConfig testTypeId="13cdc9d9-ddb5-4fa4-a97d-d965ccfc6d4b">
          <AssemblyResolution>
            <TestDirectory useLoadContext="true" />
          </AssemblyResolution>
        </UnitTestRunConfig>
        <WebTestRunConfiguration testTypeId="4e7599fa-5ecb-43e9-a887-cd63cf72d207">
          <Browser name="Internet Explorer 7.0">
            <Headers>
              <Header name="User-Agent" value="Mozilla/4.0 (compatible; MSIE 7.0; Windows NT 5.1)" />
              <Header name="Accept" value="*/*" />
              <Header name="Accept-Language" value="{{$IEAcceptLanguage}}" />
              <Header name="Accept-Encoding" value="GZIP" />
            </Headers>
          </Browser>
        </WebTestRunConfiguration>
      </TestTypeSpecific>
      <AgentRule name="LocalMachineDefaultRole">
      </AgentRule>
    </Execution>
  </TestSettings>
  <Times creation="2011-09-07T23:06:32.8246839+01:00" queuing="2011-09-07T23:06:34.6087461+01:00" start="2011-09-07T23:06:34.7817544+01:00" finish="2011-09-07T23:06:36.0508230+01:00" />
  <ResultSummary outcome="Error">
    <Counters total="1" executed="1" error="1" failed="0" timeout="0" aborted="0" inconclusive="0" passedButRunAborted="0" notRunnable="0" notExecuted="0" disconnected="0" warning="0" passed="0" completed="0" inProgress="0" pending="0" />
  </ResultSummary>
  <TestDefinitions>
    <GallioTestElement name="Sample" storage="C:\Users\Andy\Desktop\Presentation\Code\MbUnit\SampleVStest\bin\Debug\SampleVStest.dll" id="31613265-6165-6562-6633-653537306438" d3p1:Gallio.TestId="e2a1eabef3e570d8" d3p1:Gallio.AssemblyName="SampleVStest, Version=1.0.0.0, Culture=neutral, PublicKeyToken=null" d3p1:Gallio.NamespaceName="SampleVStest" d3p1:Gallio.TypeName="SampleVStest.Test" d3p1:Gallio.MemberName="Sample" d3p1:Gallio.ParameterName="" d3p1:Gallio.Path="C:\Users\Andy\Desktop\Presentation\Code\MbUnit\SampleVStest\Test.cs" d3p1:Gallio.Line="10" d3p1:Gallio.Column="0" xmlns:d3p1="http://www.gallio.org/">
      <Execution id="5faa6087-9800-4e53-8825-0a35b40b23ef" />
      <Properties>
        <Property>
          <Key>TestKind</Key>
          <Value>Test</Value>
        </Property>
      </Properties>
    </GallioTestElement>
  </TestDefinitions>
  <TestLists>
    <TestList name="Results Not in a List" id="8c84fa94-04c1-424b-9868-57a2d4851a1d" />
    <TestList name="All Loaded Results" id="19431567-8539-422a-85d7-44ee4e166bda" />
  </TestLists>
  <TestEntries>
    <TestEntry testId="31613265-6165-6562-6633-653537306438" executionId="5faa6087-9800-4e53-8825-0a35b40b23ef" testListId="8c84fa94-04c1-424b-9868-57a2d4851a1d" />
  </TestEntries>
  <Results>
    <GallioTestResult executionId="5faa6087-9800-4e53-8825-0a35b40b23ef" testId="31613265-6165-6562-6633-653537306438" testName="Sample" computerName="ANDY-PC" startTime="2011-09-07T23:06:35.6238020+01:00" endTime="2011-09-07T23:06:36.0228214+01:00" testType="f3589083-259c-4054-87f7-75cdad4b08e5" testListId="8c84fa94-04c1-424b-9868-57a2d4851a1d" relativeResultsDirectory="5faa6087-9800-4e53-8825-0a35b40b23ef">
    </GallioTestResult>
  </Results>
</TestRun>